Compilation failed:
    source file: '/home/pi/EID/finalProject/opencv/cmake/checks/atomic_check.cpp'
    check option: ''
===== BUILD LOG =====
Change Dir: /home/pi/EID/finalProject/opencv/build/CMakeFiles/CMakeTmp

Run Build Command:"/usr/bin/make" "cmTC_ea4a1/fast"
/usr/bin/make -f CMakeFiles/cmTC_ea4a1.dir/build.make CMakeFiles/cmTC_ea4a1.dir/build
make[1]: Entering directory '/home/pi/EID/finalProject/opencv/build/CMakeFiles/CMakeTmp'
Building CXX object CMakeFiles/cmTC_ea4a1.dir/atomic_check.cpp.o
/usr/bin/c++    -fPIE   -std=c++11 -o CMakeFiles/cmTC_ea4a1.dir/atomic_check.cpp.o -c /home/pi/EID/finalProject/opencv/cmake/checks/atomic_check.cpp
Linking CXX executable cmTC_ea4a1
/usr/bin/cmake -E cmake_link_script CMakeFiles/cmTC_ea4a1.dir/link.txt --verbose=1
/usr/bin/c++       CMakeFiles/cmTC_ea4a1.dir/atomic_check.cpp.o  -o cmTC_ea4a1 
/usr/bin/ld: CMakeFiles/cmTC_ea4a1.dir/atomic_check.cpp.o: in function `std::__atomic_base<long long>::operator long long() const':
atomic_check.cpp:(.text._ZNKSt13__atomic_baseIxEcvxEv[_ZNKSt13__atomic_baseIxEcvxEv]+0x40): undefined reference to `__atomic_load_8'
collect2: error: ld returned 1 exit status
make[1]: *** [CMakeFiles/cmTC_ea4a1.dir/build.make:87: cmTC_ea4a1] Error 1
make[1]: Leaving directory '/home/pi/EID/finalProject/opencv/build/CMakeFiles/CMakeTmp'
make: *** [Makefile:121: cmTC_ea4a1/fast] Error 2

===== END =====

Build output check failed:
    Regex: 'command line option .* is valid for .* but not for C\+\+'
    Output line: 'cc1plus: warning: command line option ‘-Wmissing-prototypes’ is valid for C/ObjC but not for C++'
Compilation failed:
    source file: '/home/pi/EID/finalProject/opencv/build/CMakeFiles/CMakeTmp/src.cxx'
    check option: ' -fsigned-char -W -Wall -Werror=return-type -Werror=non-virtual-dtor -Werror=address -Werror=sequence-point -Wformat -Werror=format-security -Wmissing-declarations  -Wmissing-prototypes'
===== BUILD LOG =====
Change Dir: /home/pi/EID/finalProject/opencv/build/CMakeFiles/CMakeTmp

Run Build Command:"/usr/bin/make" "cmTC_16450/fast"
/usr/bin/make -f CMakeFiles/cmTC_16450.dir/build.make CMakeFiles/cmTC_16450.dir/build
make[1]: Entering directory '/home/pi/EID/finalProject/opencv/build/CMakeFiles/CMakeTmp'
Building CXX object CMakeFiles/cmTC_16450.dir/src.cxx.o
/usr/bin/c++    -O3 -DNDEBUG -fPIE   -fsigned-char -W -Wall -Werror=return-type -Werror=non-virtual-dtor -Werror=address -Werror=sequence-point -Wformat -Werror=format-security -Wmissing-declarations -Wmissing-prototypes -std=c++11 -o CMakeFiles/cmTC_16450.dir/src.cxx.o -c /home/pi/EID/finalProject/opencv/build/CMakeFiles/CMakeTmp/src.cxx
cc1plus: warning: command line option ‘-Wmissing-prototypes’ is valid for C/ObjC but not for C++
/home/pi/EID/finalProject/opencv/build/CMakeFiles/CMakeTmp/src.cxx:1: warning: ignoring #pragma   [-Wunknown-pragmas]
 #pragma
 
Linking CXX executable cmTC_16450
/usr/bin/cmake -E cmake_link_script CMakeFiles/cmTC_16450.dir/link.txt --verbose=1
/usr/bin/c++    -O3 -DNDEBUG    CMakeFiles/cmTC_16450.dir/src.cxx.o  -o cmTC_16450 -latomic 
make[1]: Leaving directory '/home/pi/EID/finalProject/opencv/build/CMakeFiles/CMakeTmp'

===== END =====

Build output check failed:
    Regex: 'command line option .* is valid for .* but not for C\+\+'
    Output line: 'cc1plus: warning: command line option ‘-Wstrict-prototypes’ is valid for C/ObjC but not for C++'
Compilation failed:
    source file: '/home/pi/EID/finalProject/opencv/build/CMakeFiles/CMakeTmp/src.cxx'
    check option: ' -fsigned-char -W -Wall -Werror=return-type -Werror=non-virtual-dtor -Werror=address -Werror=sequence-point -Wformat -Werror=format-security -Wmissing-declarations  -Wstrict-prototypes'
===== BUILD LOG =====
Change Dir: /home/pi/EID/finalProject/opencv/build/CMakeFiles/CMakeTmp

Run Build Command:"/usr/bin/make" "cmTC_5b8e8/fast"
/usr/bin/make -f CMakeFiles/cmTC_5b8e8.dir/build.make CMakeFiles/cmTC_5b8e8.dir/build
make[1]: Entering directory '/home/pi/EID/finalProject/opencv/build/CMakeFiles/CMakeTmp'
Building CXX object CMakeFiles/cmTC_5b8e8.dir/src.cxx.o
/usr/bin/c++    -O3 -DNDEBUG -fPIE   -fsigned-char -W -Wall -Werror=return-type -Werror=non-virtual-dtor -Werror=address -Werror=sequence-point -Wformat -Werror=format-security -Wmissing-declarations -Wstrict-prototypes -std=c++11 -o CMakeFiles/cmTC_5b8e8.dir/src.cxx.o -c /home/pi/EID/finalProject/opencv/build/CMakeFiles/CMakeTmp/src.cxx
cc1plus: warning: command line option ‘-Wstrict-prototypes’ is valid for C/ObjC but not for C++
/home/pi/EID/finalProject/opencv/build/CMakeFiles/CMakeTmp/src.cxx:1: warning: ignoring #pragma   [-Wunknown-pragmas]
 #pragma
 
Linking CXX executable cmTC_5b8e8
/usr/bin/cmake -E cmake_link_script CMakeFiles/cmTC_5b8e8.dir/link.txt --verbose=1
/usr/bin/c++    -O3 -DNDEBUG    CMakeFiles/cmTC_5b8e8.dir/src.cxx.o  -o cmTC_5b8e8 -latomic 
make[1]: Leaving directory '/home/pi/EID/finalProject/opencv/build/CMakeFiles/CMakeTmp'

===== END =====

Build output check failed:
    Regex: 'command line option .* is valid for .* but not for C'
    Output line: 'cc1: warning: command line option ‘-Wsign-promo’ is valid for C++/ObjC++ but not for C'
Compilation failed:
    source file: '/home/pi/EID/finalProject/opencv/build/CMakeFiles/CMakeTmp/src.c'
    check option: ' -fsigned-char -W -Wall -Werror=return-type -Werror=non-virtual-dtor -Werror=address -Werror=sequence-point -Wformat -Werror=format-security -Wmissing-declarations -Wmissing-prototypes -Wstrict-prototypes -Wundef -Winit-self -Wpointer-arith -Wshadow  -Wsign-promo'
===== BUILD LOG =====
Change Dir: /home/pi/EID/finalProject/opencv/build/CMakeFiles/CMakeTmp

Run Build Command:"/usr/bin/make" "cmTC_1868f/fast"
/usr/bin/make -f CMakeFiles/cmTC_1868f.dir/build.make CMakeFiles/cmTC_1868f.dir/build
make[1]: Entering directory '/home/pi/EID/finalProject/opencv/build/CMakeFiles/CMakeTmp'
Building C object CMakeFiles/cmTC_1868f.dir/src.c.o
/usr/bin/cc   -O3 -DNDEBUG -fPIE   -fsigned-char -W -Wall -Werror=return-type -Werror=non-virtual-dtor -Werror=address -Werror=sequence-point -Wformat -Werror=format-security -Wmissing-declarations -Wmissing-prototypes -Wstrict-prototypes -Wundef -Winit-self -Wpointer-arith -Wshadow -Wsign-promo -o CMakeFiles/cmTC_1868f.dir/src.c.o   -c /home/pi/EID/finalProject/opencv/build/CMakeFiles/CMakeTmp/src.c
cc1: warning: command line option ‘-Wsign-promo’ is valid for C++/ObjC++ but not for C
/home/pi/EID/finalProject/opencv/build/CMakeFiles/CMakeTmp/src.c:1: warning: ignoring #pragma   [-Wunknown-pragmas]
 #pragma
 
Linking C executable cmTC_1868f
/usr/bin/cmake -E cmake_link_script CMakeFiles/cmTC_1868f.dir/link.txt --verbose=1
/usr/bin/cc   -O3 -DNDEBUG    CMakeFiles/cmTC_1868f.dir/src.c.o  -o cmTC_1868f -latomic 
make[1]: Leaving directory '/home/pi/EID/finalProject/opencv/build/CMakeFiles/CMakeTmp'

===== END =====

Build output check failed:
    Regex: 'command line option .* is valid for .* but not for C'
    Output line: 'cc1: warning: command line option ‘-Wsuggest-override’ is valid for C++/ObjC++ but not for C'
Compilation failed:
    source file: '/home/pi/EID/finalProject/opencv/build/CMakeFiles/CMakeTmp/src.c'
    check option: ' -fsigned-char -W -Wall -Werror=return-type -Werror=non-virtual-dtor -Werror=address -Werror=sequence-point -Wformat -Werror=format-security -Wmissing-declarations -Wmissing-prototypes -Wstrict-prototypes -Wundef -Winit-self -Wpointer-arith -Wshadow -Wuninitialized -Winit-self  -Wsuggest-override'
===== BUILD LOG =====
Change Dir: /home/pi/EID/finalProject/opencv/build/CMakeFiles/CMakeTmp

Run Build Command:"/usr/bin/make" "cmTC_04bfc/fast"
/usr/bin/make -f CMakeFiles/cmTC_04bfc.dir/build.make CMakeFiles/cmTC_04bfc.dir/build
make[1]: Entering directory '/home/pi/EID/finalProject/opencv/build/CMakeFiles/CMakeTmp'
Building C object CMakeFiles/cmTC_04bfc.dir/src.c.o
/usr/bin/cc   -O3 -DNDEBUG -fPIE   -fsigned-char -W -Wall -Werror=return-type -Werror=non-virtual-dtor -Werror=address -Werror=sequence-point -Wformat -Werror=format-security -Wmissing-declarations -Wmissing-prototypes -Wstrict-prototypes -Wundef -Winit-self -Wpointer-arith -Wshadow -Wuninitialized -Winit-self -Wsuggest-override -o CMakeFiles/cmTC_04bfc.dir/src.c.o   -c /home/pi/EID/finalProject/opencv/build/CMakeFiles/CMakeTmp/src.c
cc1: warning: command line option ‘-Wsuggest-override’ is valid for C++/ObjC++ but not for C
/home/pi/EID/finalProject/opencv/build/CMakeFiles/CMakeTmp/src.c:1: warning: ignoring #pragma   [-Wunknown-pragmas]
 #pragma
 
Linking C executable cmTC_04bfc
/usr/bin/cmake -E cmake_link_script CMakeFiles/cmTC_04bfc.dir/link.txt --verbose=1
/usr/bin/cc   -O3 -DNDEBUG    CMakeFiles/cmTC_04bfc.dir/src.c.o  -o cmTC_04bfc -latomic 
make[1]: Leaving directory '/home/pi/EID/finalProject/opencv/build/CMakeFiles/CMakeTmp'

===== END =====

Build output check failed:
    Regex: 'command line option .* is valid for .* but not for C'
    Output line: 'cc1: warning: command line option ‘-Wno-delete-non-virtual-dtor’ is valid for C++/ObjC++ but not for C'
Compilation failed:
    source file: '/home/pi/EID/finalProject/opencv/build/CMakeFiles/CMakeTmp/src.c'
    check option: ' -fsigned-char -W -Wall -Werror=return-type -Werror=non-virtual-dtor -Werror=address -Werror=sequence-point -Wformat -Werror=format-security -Wmissing-declarations -Wmissing-prototypes -Wstrict-prototypes -Wundef -Winit-self -Wpointer-arith -Wshadow -Wuninitialized -Winit-self  -Wno-delete-non-virtual-dtor'
===== BUILD LOG =====
Change Dir: /home/pi/EID/finalProject/opencv/build/CMakeFiles/CMakeTmp

Run Build Command:"/usr/bin/make" "cmTC_9da27/fast"
/usr/bin/make -f CMakeFiles/cmTC_9da27.dir/build.make CMakeFiles/cmTC_9da27.dir/build
make[1]: Entering directory '/home/pi/EID/finalProject/opencv/build/CMakeFiles/CMakeTmp'
Building C object CMakeFiles/cmTC_9da27.dir/src.c.o
/usr/bin/cc   -O3 -DNDEBUG -fPIE   -fsigned-char -W -Wall -Werror=return-type -Werror=non-virtual-dtor -Werror=address -Werror=sequence-point -Wformat -Werror=format-security -Wmissing-declarations -Wmissing-prototypes -Wstrict-prototypes -Wundef -Winit-self -Wpointer-arith -Wshadow -Wuninitialized -Winit-self -Wno-delete-non-virtual-dtor -o CMakeFiles/cmTC_9da27.dir/src.c.o   -c /home/pi/EID/finalProject/opencv/build/CMakeFiles/CMakeTmp/src.c
cc1: warning: command line option ‘-Wno-delete-non-virtual-dtor’ is valid for C++/ObjC++ but not for C
/home/pi/EID/finalProject/opencv/build/CMakeFiles/CMakeTmp/src.c:1: warning: ignoring #pragma   [-Wunknown-pragmas]
 #pragma
 
Linking C executable cmTC_9da27
/usr/bin/cmake -E cmake_link_script CMakeFiles/cmTC_9da27.dir/link.txt --verbose=1
/usr/bin/cc   -O3 -DNDEBUG    CMakeFiles/cmTC_9da27.dir/src.c.o  -o cmTC_9da27 -latomic 
make[1]: Leaving directory '/home/pi/EID/finalProject/opencv/build/CMakeFiles/CMakeTmp'

===== END =====

Build output check failed:
    Regex: 'unrecognized .*option'
    Output line: 'cc1plus: warning: unrecognized command line option ‘-Wno-unnamed-type-template-args’'
Compilation failed:
    source file: '/home/pi/EID/finalProject/opencv/build/CMakeFiles/CMakeTmp/src.cxx'
    check option: ' -fsigned-char -W -Wall -Werror=return-type -Werror=non-virtual-dtor -Werror=address -Werror=sequence-point -Wformat -Werror=format-security -Wmissing-declarations -Wundef -Winit-self -Wpointer-arith -Wshadow -Wsign-promo -Wuninitialized -Winit-self -Wsuggest-override -Wno-delete-non-virtual-dtor  -Wno-unnamed-type-template-args'
===== BUILD LOG =====
Change Dir: /home/pi/EID/finalProject/opencv/build/CMakeFiles/CMakeTmp

Run Build Command:"/usr/bin/make" "cmTC_fa2fd/fast"
/usr/bin/make -f CMakeFiles/cmTC_fa2fd.dir/build.make CMakeFiles/cmTC_fa2fd.dir/build
make[1]: Entering directory '/home/pi/EID/finalProject/opencv/build/CMakeFiles/CMakeTmp'
Building CXX object CMakeFiles/cmTC_fa2fd.dir/src.cxx.o
/usr/bin/c++    -O3 -DNDEBUG -fPIE   -fsigned-char -W -Wall -Werror=return-type -Werror=non-virtual-dtor -Werror=address -Werror=sequence-point -Wformat -Werror=format-security -Wmissing-declarations -Wundef -Winit-self -Wpointer-arith -Wshadow -Wsign-promo -Wuninitialized -Winit-self -Wsuggest-override -Wno-delete-non-virtual-dtor -Wno-unnamed-type-template-args -std=c++11 -o CMakeFiles/cmTC_fa2fd.dir/src.cxx.o -c /home/pi/EID/finalProject/opencv/build/CMakeFiles/CMakeTmp/src.cxx
/home/pi/EID/finalProject/opencv/build/CMakeFiles/CMakeTmp/src.cxx:1: warning: ignoring #pragma   [-Wunknown-pragmas]
 #pragma
 
cc1plus: warning: unrecognized command line option ‘-Wno-unnamed-type-template-args’
Linking CXX executable cmTC_fa2fd
/usr/bin/cmake -E cmake_link_script CMakeFiles/cmTC_fa2fd.dir/link.txt --verbose=1
/usr/bin/c++    -O3 -DNDEBUG    CMakeFiles/cmTC_fa2fd.dir/src.cxx.o  -o cmTC_fa2fd -latomic 
make[1]: Leaving directory '/home/pi/EID/finalProject/opencv/build/CMakeFiles/CMakeTmp'

===== END =====

Build output check failed:
    Regex: 'unrecognized .*option'
    Output line: 'cc1: warning: unrecognized command line option ‘-Wno-unnamed-type-template-args’'
Compilation failed:
    source file: '/home/pi/EID/finalProject/opencv/build/CMakeFiles/CMakeTmp/src.c'
    check option: ' -fsigned-char -W -Wall -Werror=return-type -Werror=non-virtual-dtor -Werror=address -Werror=sequence-point -Wformat -Werror=format-security -Wmissing-declarations -Wmissing-prototypes -Wstrict-prototypes -Wundef -Winit-self -Wpointer-arith -Wshadow -Wuninitialized -Winit-self  -Wno-unnamed-type-template-args'
===== BUILD LOG =====
Change Dir: /home/pi/EID/finalProject/opencv/build/CMakeFiles/CMakeTmp

Run Build Command:"/usr/bin/make" "cmTC_c7b59/fast"
/usr/bin/make -f CMakeFiles/cmTC_c7b59.dir/build.make CMakeFiles/cmTC_c7b59.dir/build
make[1]: Entering directory '/home/pi/EID/finalProject/opencv/build/CMakeFiles/CMakeTmp'
Building C object CMakeFiles/cmTC_c7b59.dir/src.c.o
/usr/bin/cc   -O3 -DNDEBUG -fPIE   -fsigned-char -W -Wall -Werror=return-type -Werror=non-virtual-dtor -Werror=address -Werror=sequence-point -Wformat -Werror=format-security -Wmissing-declarations -Wmissing-prototypes -Wstrict-prototypes -Wundef -Winit-self -Wpointer-arith -Wshadow -Wuninitialized -Winit-self -Wno-unnamed-type-template-args -o CMakeFiles/cmTC_c7b59.dir/src.c.o   -c /home/pi/EID/finalProject/opencv/build/CMakeFiles/CMakeTmp/src.c
/home/pi/EID/finalProject/opencv/build/CMakeFiles/CMakeTmp/src.c:1: warning: ignoring #pragma   [-Wunknown-pragmas]
 #pragma
 
cc1: warning: unrecognized command line option ‘-Wno-unnamed-type-template-args’
Linking C executable cmTC_c7b59
/usr/bin/cmake -E cmake_link_script CMakeFiles/cmTC_c7b59.dir/link.txt --verbose=1
/usr/bin/cc   -O3 -DNDEBUG    CMakeFiles/cmTC_c7b59.dir/src.c.o  -o cmTC_c7b59 -latomic 
make[1]: Leaving directory '/home/pi/EID/finalProject/opencv/build/CMakeFiles/CMakeTmp'

===== END =====

Compilation failed:
    source file: '/home/pi/EID/finalProject/opencv/cmake/checks/cpu_neon.cpp'
    check option: ''
===== BUILD LOG =====
Change Dir: /home/pi/EID/finalProject/opencv/build/CMakeFiles/CMakeTmp

Run Build Command:"/usr/bin/make" "cmTC_1d503/fast"
/usr/bin/make -f CMakeFiles/cmTC_1d503.dir/build.make CMakeFiles/cmTC_1d503.dir/build
make[1]: Entering directory '/home/pi/EID/finalProject/opencv/build/CMakeFiles/CMakeTmp'
Building CXX object CMakeFiles/cmTC_1d503.dir/cpu_neon.cpp.o
/usr/bin/c++    -O3 -DNDEBUG -fPIE   -std=c++11 -o CMakeFiles/cmTC_1d503.dir/cpu_neon.cpp.o -c /home/pi/EID/finalProject/opencv/cmake/checks/cpu_neon.cpp
/home/pi/EID/finalProject/opencv/cmake/checks/cpu_neon.cpp:20:2: error: #error "NEON is not supported"
 #error "NEON is not supported"
  ^~~~~
/home/pi/EID/finalProject/opencv/cmake/checks/cpu_neon.cpp: In function ‘int main()’:
/home/pi/EID/finalProject/opencv/cmake/checks/cpu_neon.cpp:25:18: error: ‘test’ was not declared in this scope
   printf("%d\n", test());
                  ^~~~
make[1]: *** [CMakeFiles/cmTC_1d503.dir/build.make:66: CMakeFiles/cmTC_1d503.dir/cpu_neon.cpp.o] Error 1
make[1]: Leaving directory '/home/pi/EID/finalProject/opencv/build/CMakeFiles/CMakeTmp'
make: *** [Makefile:121: cmTC_1d503/fast] Error 2

===== END =====

Compilation failed:
    source file: '/home/pi/EID/finalProject/opencv/cmake/checks/cpu_fp16.cpp'
    check option: ''
===== BUILD LOG =====
Change Dir: /home/pi/EID/finalProject/opencv/build/CMakeFiles/CMakeTmp

Run Build Command:"/usr/bin/make" "cmTC_b41a8/fast"
/usr/bin/make -f CMakeFiles/cmTC_b41a8.dir/build.make CMakeFiles/cmTC_b41a8.dir/build
make[1]: Entering directory '/home/pi/EID/finalProject/opencv/build/CMakeFiles/CMakeTmp'
Building CXX object CMakeFiles/cmTC_b41a8.dir/cpu_fp16.cpp.o
/usr/bin/c++    -O3 -DNDEBUG -fPIE   -std=c++11 -o CMakeFiles/cmTC_b41a8.dir/cpu_fp16.cpp.o -c /home/pi/EID/finalProject/opencv/cmake/checks/cpu_fp16.cpp
/home/pi/EID/finalProject/opencv/cmake/checks/cpu_fp16.cpp: In function ‘int test()’:
/home/pi/EID/finalProject/opencv/cmake/checks/cpu_fp16.cpp:21:5: error: ‘float16x4_t’ was not declared in this scope
     float16x4_t v_dst = vcvt_f16_f32(v_src);
     ^~~~~~~~~~~
/home/pi/EID/finalProject/opencv/cmake/checks/cpu_fp16.cpp:21:5: note: suggested alternative: ‘float32x4_t’
     float16x4_t v_dst = vcvt_f16_f32(v_src);
     ^~~~~~~~~~~
     float32x4_t
/home/pi/EID/finalProject/opencv/cmake/checks/cpu_fp16.cpp:22:19: error: expected primary-expression before ‘)’ token
     *(float16x4_t*)dst = v_dst;
                   ^
make[1]: *** [CMakeFiles/cmTC_b41a8.dir/build.make:66: CMakeFiles/cmTC_b41a8.dir/cpu_fp16.cpp.o] Error 1
make[1]: Leaving directory '/home/pi/EID/finalProject/opencv/build/CMakeFiles/CMakeTmp'
make: *** [Makefile:121: cmTC_b41a8/fast] Error 2

===== END =====

Build output check failed:
    Regex: 'command line option .* is valid for .* but not for C'
    Output line: 'cc1: warning: command line option ‘-fvisibility-inlines-hidden’ is valid for C++/ObjC++ but not for C'
Compilation failed:
    source file: '/home/pi/EID/finalProject/opencv/build/CMakeFiles/CMakeTmp/src.c'
    check option: ' -fsigned-char -W -Wall -Werror=return-type -Werror=non-virtual-dtor -Werror=address -Werror=sequence-point -Wformat -Werror=format-security -Wmissing-declarations -Wmissing-prototypes -Wstrict-prototypes -Wundef -Winit-self -Wpointer-arith -Wshadow -Wuninitialized -Winit-self -Wno-comment -Wimplicit-fallthrough=3 -Wno-strict-overflow -fdiagnostics-show-option -pthread -fomit-frame-pointer -ffunction-sections -fdata-sections  -fvisibility=hidden  -fvisibility-inlines-hidden'
===== BUILD LOG =====
Change Dir: /home/pi/EID/finalProject/opencv/build/CMakeFiles/CMakeTmp

Run Build Command:"/usr/bin/make" "cmTC_dd5dd/fast"
/usr/bin/make -f CMakeFiles/cmTC_dd5dd.dir/build.make CMakeFiles/cmTC_dd5dd.dir/build
make[1]: Entering directory '/home/pi/EID/finalProject/opencv/build/CMakeFiles/CMakeTmp'
Building C object CMakeFiles/cmTC_dd5dd.dir/src.c.o
/usr/bin/cc   -O3 -DNDEBUG -fPIE   -fsigned-char -W -Wall -Werror=return-type -Werror=non-virtual-dtor -Werror=address -Werror=sequence-point -Wformat -Werror=format-security -Wmissing-declarations -Wmissing-prototypes -Wstrict-prototypes -Wundef -Winit-self -Wpointer-arith -Wshadow -Wuninitialized -Winit-self -Wno-comment -Wimplicit-fallthrough=3 -Wno-strict-overflow -fdiagnostics-show-option -pthread -fomit-frame-pointer -ffunction-sections -fdata-sections -fvisibility=hidden -fvisibility-inlines-hidden -o CMakeFiles/cmTC_dd5dd.dir/src.c.o   -c /home/pi/EID/finalProject/opencv/build/CMakeFiles/CMakeTmp/src.c
cc1: warning: command line option ‘-fvisibility-inlines-hidden’ is valid for C++/ObjC++ but not for C
/home/pi/EID/finalProject/opencv/build/CMakeFiles/CMakeTmp/src.c:1: warning: ignoring #pragma   [-Wunknown-pragmas]
 #pragma
 
Linking C executable cmTC_dd5dd
/usr/bin/cmake -E cmake_link_script CMakeFiles/cmTC_dd5dd.dir/link.txt --verbose=1
/usr/bin/cc   -O3 -DNDEBUG    CMakeFiles/cmTC_dd5dd.dir/src.c.o  -o cmTC_dd5dd -latomic 
make[1]: Leaving directory '/home/pi/EID/finalProject/opencv/build/CMakeFiles/CMakeTmp'

===== END =====

Build output check failed:
    Regex: 'unrecognized .*option'
    Output line: 'cc1: warning: unrecognized command line option ‘-Wno-shorten-64-to-32’'
Compilation failed:
    source file: '/home/pi/EID/finalProject/opencv/build/CMakeFiles/CMakeTmp/src.c'
    check option: ' -Wno-shorten-64-to-32'
===== BUILD LOG =====
Change Dir: /home/pi/EID/finalProject/opencv/build/CMakeFiles/CMakeTmp

Run Build Command:"/usr/bin/make" "cmTC_2f8b4/fast"
/usr/bin/make -f CMakeFiles/cmTC_2f8b4.dir/build.make CMakeFiles/cmTC_2f8b4.dir/build
make[1]: Entering directory '/home/pi/EID/finalProject/opencv/build/CMakeFiles/CMakeTmp'
Building C object CMakeFiles/cmTC_2f8b4.dir/src.c.o
/usr/bin/cc   -fsigned-char -W -Wall -Werror=return-type -Werror=non-virtual-dtor -Werror=address -Werror=sequence-point -Wformat -Werror=format-security -Wmissing-declarations -Wmissing-prototypes -Wstrict-prototypes -Wundef -Winit-self -Wpointer-arith -Wshadow -Wuninitialized -Winit-self -Wno-comment -Wimplicit-fallthrough=3 -Wno-strict-overflow -fdiagnostics-show-option -pthread -fomit-frame-pointer -ffunction-sections -fdata-sections  -fvisibility=hidden -Wno-unused-parameter -Wno-sign-compare  -O3 -DNDEBUG -fPIE   -Wno-shorten-64-to-32 -o CMakeFiles/cmTC_2f8b4.dir/src.c.o   -c /home/pi/EID/finalProject/opencv/build/CMakeFiles/CMakeTmp/src.c
/home/pi/EID/finalProject/opencv/build/CMakeFiles/CMakeTmp/src.c:1: warning: ignoring #pragma   [-Wunknown-pragmas]
 #pragma
 
cc1: warning: unrecognized command line option ‘-Wno-shorten-64-to-32’
Linking C executable cmTC_2f8b4
/usr/bin/cmake -E cmake_link_script CMakeFiles/cmTC_2f8b4.dir/link.txt --verbose=1
/usr/bin/cc    -fsigned-char -W -Wall -Werror=return-type -Werror=non-virtual-dtor -Werror=address -Werror=sequence-point -Wformat -Werror=format-security -Wmissing-declarations -Wmissing-prototypes -Wstrict-prototypes -Wundef -Winit-self -Wpointer-arith -Wshadow -Wuninitialized -Winit-self -Wno-comment -Wimplicit-fallthrough=3 -Wno-strict-overflow -fdiagnostics-show-option -pthread -fomit-frame-pointer -ffunction-sections -fdata-sections  -fvisibility=hidden -Wno-unused-parameter -Wno-sign-compare  -O3 -DNDEBUG    -Wl,--gc-sections  CMakeFiles/cmTC_2f8b4.dir/src.c.o  -o cmTC_2f8b4 -latomic 
make[1]: Leaving directory '/home/pi/EID/finalProject/opencv/build/CMakeFiles/CMakeTmp'

===== END =====

Determining if the include file io.h exists failed with the following output:
Change Dir: /home/pi/EID/finalProject/opencv/build/CMakeFiles/CMakeTmp

Run Build Command:"/usr/bin/make" "cmTC_f9800/fast"
/usr/bin/make -f CMakeFiles/cmTC_f9800.dir/build.make CMakeFiles/cmTC_f9800.dir/build
make[1]: Entering directory '/home/pi/EID/finalProject/opencv/build/CMakeFiles/CMakeTmp'
Building C object CMakeFiles/cmTC_f9800.dir/CheckIncludeFile.c.o
/usr/bin/cc   -fsigned-char -W -Wall -Werror=return-type -Werror=non-virtual-dtor -Werror=address -Werror=sequence-point -Wformat -Werror=format-security -Wmissing-declarations -Wmissing-prototypes -Wstrict-prototypes -Wundef -Winit-self -Wpointer-arith -Wshadow -Wuninitialized -Winit-self -Wno-comment -Wimplicit-fallthrough=3 -Wno-strict-overflow -fdiagnostics-show-option -pthread -fomit-frame-pointer -ffunction-sections -fdata-sections  -fvisibility=hidden  -O3 -DNDEBUG -fPIE   -o CMakeFiles/cmTC_f9800.dir/CheckIncludeFile.c.o   -c /home/pi/EID/finalProject/opencv/build/CMakeFiles/CMakeTmp/CheckIncludeFile.c
/home/pi/EID/finalProject/opencv/build/CMakeFiles/CMakeTmp/CheckIncludeFile.c:1:10: fatal error: io.h: No such file or directory
 #include <io.h>
          ^~~~~~
compilation terminated.
make[1]: *** [CMakeFiles/cmTC_f9800.dir/build.make:66: CMakeFiles/cmTC_f9800.dir/CheckIncludeFile.c.o] Error 1
make[1]: Leaving directory '/home/pi/EID/finalProject/opencv/build/CMakeFiles/CMakeTmp'
make: *** [Makefile:121: cmTC_f9800/fast] Error 2


Determining size of INT8 failed with the following output:
Change Dir: /home/pi/EID/finalProject/opencv/build/CMakeFiles/CMakeTmp

Run Build Command:"/usr/bin/make" "cmTC_bb6df/fast"
/usr/bin/make -f CMakeFiles/cmTC_bb6df.dir/build.make CMakeFiles/cmTC_bb6df.dir/build
make[1]: Entering directory '/home/pi/EID/finalProject/opencv/build/CMakeFiles/CMakeTmp'
Building C object CMakeFiles/cmTC_bb6df.dir/int8.c.o
/usr/bin/cc   -fsigned-char -W -Wall -Werror=return-type -Werror=non-virtual-dtor -Werror=address -Werror=sequence-point -Wformat -Werror=format-security -Wmissing-declarations -Wmissing-prototypes -Wstrict-prototypes -Wundef -Winit-self -Wpointer-arith -Wshadow -Wuninitialized -Winit-self -Wno-comment -Wimplicit-fallthrough=3 -Wno-strict-overflow -fdiagnostics-show-option -pthread -fomit-frame-pointer -ffunction-sections -fdata-sections  -fvisibility=hidden  -O3 -DNDEBUG -fPIE   -o CMakeFiles/cmTC_bb6df.dir/int8.c.o   -c /home/pi/EID/finalProject/opencv/build/CMakeFiles/CheckTypeSize/int8.c
/home/pi/EID/finalProject/opencv/build/CMakeFiles/CheckTypeSize/int8.c:23:22: error: ‘INT8’ undeclared here (not in a function); did you mean ‘INT8_C’?
 #define SIZE (sizeof(INT8))
                      ^~~~
/home/pi/EID/finalProject/opencv/build/CMakeFiles/CheckTypeSize/int8.c:25:12: note: in expansion of macro ‘SIZE’
   ('0' + ((SIZE / 10000)%10)),
            ^~~~
make[1]: *** [CMakeFiles/cmTC_bb6df.dir/build.make:66: CMakeFiles/cmTC_bb6df.dir/int8.c.o] Error 1
make[1]: Leaving directory '/home/pi/EID/finalProject/opencv/build/CMakeFiles/CMakeTmp'
make: *** [Makefile:121: cmTC_bb6df/fast] Error 2

/home/pi/EID/finalProject/opencv/build/CMakeFiles/CheckTypeSize/int8.c:
#include <sys/types.h>
#include <stdint.h>
#include <stddef.h>


#undef KEY
#if defined(__i386)
# define KEY '_','_','i','3','8','6'
#elif defined(__x86_64)
# define KEY '_','_','x','8','6','_','6','4'
#elif defined(__ppc__)
# define KEY '_','_','p','p','c','_','_'
#elif defined(__ppc64__)
# define KEY '_','_','p','p','c','6','4','_','_'
#elif defined(__aarch64__)
# define KEY '_','_','a','a','r','c','h','6','4','_','_'
#elif defined(__ARM_ARCH_7A__)
# define KEY '_','_','A','R','M','_','A','R','C','H','_','7','A','_','_'
#elif defined(__ARM_ARCH_7S__)
# define KEY '_','_','A','R','M','_','A','R','C','H','_','7','S','_','_'
#endif

#define SIZE (sizeof(INT8))
char info_size[] =  {'I', 'N', 'F', 'O', ':', 's','i','z','e','[',
  ('0' + ((SIZE / 10000)%10)),
  ('0' + ((SIZE / 1000)%10)),
  ('0' + ((SIZE / 100)%10)),
  ('0' + ((SIZE / 10)%10)),
  ('0' +  (SIZE    % 10)),
  ']',
#ifdef KEY
  ' ','k','e','y','[', KEY, ']',
#endif
  '\0'};

#ifdef __CLASSIC_C__
int main(argc, argv) int argc; char *argv[];
#else
int main(int argc, char *argv[])
#endif
{
  int require = 0;
  require += info_size[argc];
  (void)argv;
  return require;
}


Determining size of INT16 failed with the following output:
Change Dir: /home/pi/EID/finalProject/opencv/build/CMakeFiles/CMakeTmp

Run Build Command:"/usr/bin/make" "cmTC_37909/fast"
/usr/bin/make -f CMakeFiles/cmTC_37909.dir/build.make CMakeFiles/cmTC_37909.dir/build
make[1]: Entering directory '/home/pi/EID/finalProject/opencv/build/CMakeFiles/CMakeTmp'
Building C object CMakeFiles/cmTC_37909.dir/int16.c.o
/usr/bin/cc   -fsigned-char -W -Wall -Werror=return-type -Werror=non-virtual-dtor -Werror=address -Werror=sequence-point -Wformat -Werror=format-security -Wmissing-declarations -Wmissing-prototypes -Wstrict-prototypes -Wundef -Winit-self -Wpointer-arith -Wshadow -Wuninitialized -Winit-self -Wno-comment -Wimplicit-fallthrough=3 -Wno-strict-overflow -fdiagnostics-show-option -pthread -fomit-frame-pointer -ffunction-sections -fdata-sections  -fvisibility=hidden  -O3 -DNDEBUG -fPIE   -o CMakeFiles/cmTC_37909.dir/int16.c.o   -c /home/pi/EID/finalProject/opencv/build/CMakeFiles/CheckTypeSize/int16.c
/home/pi/EID/finalProject/opencv/build/CMakeFiles/CheckTypeSize/int16.c:23:22: error: ‘INT16’ undeclared here (not in a function); did you mean ‘INT16_C’?
 #define SIZE (sizeof(INT16))
                      ^~~~~
/home/pi/EID/finalProject/opencv/build/CMakeFiles/CheckTypeSize/int16.c:25:12: note: in expansion of macro ‘SIZE’
   ('0' + ((SIZE / 10000)%10)),
            ^~~~
make[1]: *** [CMakeFiles/cmTC_37909.dir/build.make:66: CMakeFiles/cmTC_37909.dir/int16.c.o] Error 1
make[1]: Leaving directory '/home/pi/EID/finalProject/opencv/build/CMakeFiles/CMakeTmp'
make: *** [Makefile:121: cmTC_37909/fast] Error 2

/home/pi/EID/finalProject/opencv/build/CMakeFiles/CheckTypeSize/int16.c:
#include <sys/types.h>
#include <stdint.h>
#include <stddef.h>


#undef KEY
#if defined(__i386)
# define KEY '_','_','i','3','8','6'
#elif defined(__x86_64)
# define KEY '_','_','x','8','6','_','6','4'
#elif defined(__ppc__)
# define KEY '_','_','p','p','c','_','_'
#elif defined(__ppc64__)
# define KEY '_','_','p','p','c','6','4','_','_'
#elif defined(__aarch64__)
# define KEY '_','_','a','a','r','c','h','6','4','_','_'
#elif defined(__ARM_ARCH_7A__)
# define KEY '_','_','A','R','M','_','A','R','C','H','_','7','A','_','_'
#elif defined(__ARM_ARCH_7S__)
# define KEY '_','_','A','R','M','_','A','R','C','H','_','7','S','_','_'
#endif

#define SIZE (sizeof(INT16))
char info_size[] =  {'I', 'N', 'F', 'O', ':', 's','i','z','e','[',
  ('0' + ((SIZE / 10000)%10)),
  ('0' + ((SIZE / 1000)%10)),
  ('0' + ((SIZE / 100)%10)),
  ('0' + ((SIZE / 10)%10)),
  ('0' +  (SIZE    % 10)),
  ']',
#ifdef KEY
  ' ','k','e','y','[', KEY, ']',
#endif
  '\0'};

#ifdef __CLASSIC_C__
int main(argc, argv) int argc; char *argv[];
#else
int main(int argc, char *argv[])
#endif
{
  int require = 0;
  require += info_size[argc];
  (void)argv;
  return require;
}


Determining size of INT32 failed with the following output:
Change Dir: /home/pi/EID/finalProject/opencv/build/CMakeFiles/CMakeTmp

Run Build Command:"/usr/bin/make" "cmTC_c854f/fast"
/usr/bin/make -f CMakeFiles/cmTC_c854f.dir/build.make CMakeFiles/cmTC_c854f.dir/build
make[1]: Entering directory '/home/pi/EID/finalProject/opencv/build/CMakeFiles/CMakeTmp'
Building C object CMakeFiles/cmTC_c854f.dir/int32.c.o
/usr/bin/cc   -fsigned-char -W -Wall -Werror=return-type -Werror=non-virtual-dtor -Werror=address -Werror=sequence-point -Wformat -Werror=format-security -Wmissing-declarations -Wmissing-prototypes -Wstrict-prototypes -Wundef -Winit-self -Wpointer-arith -Wshadow -Wuninitialized -Winit-self -Wno-comment -Wimplicit-fallthrough=3 -Wno-strict-overflow -fdiagnostics-show-option -pthread -fomit-frame-pointer -ffunction-sections -fdata-sections  -fvisibility=hidden  -O3 -DNDEBUG -fPIE   -o CMakeFiles/cmTC_c854f.dir/int32.c.o   -c /home/pi/EID/finalProject/opencv/build/CMakeFiles/CheckTypeSize/int32.c
/home/pi/EID/finalProject/opencv/build/CMakeFiles/CheckTypeSize/int32.c:23:22: error: ‘INT32’ undeclared here (not in a function); did you mean ‘INT32_C’?
 #define SIZE (sizeof(INT32))
                      ^~~~~
/home/pi/EID/finalProject/opencv/build/CMakeFiles/CheckTypeSize/int32.c:25:12: note: in expansion of macro ‘SIZE’
   ('0' + ((SIZE / 10000)%10)),
            ^~~~
make[1]: *** [CMakeFiles/cmTC_c854f.dir/build.make:66: CMakeFiles/cmTC_c854f.dir/int32.c.o] Error 1
make[1]: Leaving directory '/home/pi/EID/finalProject/opencv/build/CMakeFiles/CMakeTmp'
make: *** [Makefile:121: cmTC_c854f/fast] Error 2

/home/pi/EID/finalProject/opencv/build/CMakeFiles/CheckTypeSize/int32.c:
#include <sys/types.h>
#include <stdint.h>
#include <stddef.h>


#undef KEY
#if defined(__i386)
# define KEY '_','_','i','3','8','6'
#elif defined(__x86_64)
# define KEY '_','_','x','8','6','_','6','4'
#elif defined(__ppc__)
# define KEY '_','_','p','p','c','_','_'
#elif defined(__ppc64__)
# define KEY '_','_','p','p','c','6','4','_','_'
#elif defined(__aarch64__)
# define KEY '_','_','a','a','r','c','h','6','4','_','_'
#elif defined(__ARM_ARCH_7A__)
# define KEY '_','_','A','R','M','_','A','R','C','H','_','7','A','_','_'
#elif defined(__ARM_ARCH_7S__)
# define KEY '_','_','A','R','M','_','A','R','C','H','_','7','S','_','_'
#endif

#define SIZE (sizeof(INT32))
char info_size[] =  {'I', 'N', 'F', 'O', ':', 's','i','z','e','[',
  ('0' + ((SIZE / 10000)%10)),
  ('0' + ((SIZE / 1000)%10)),
  ('0' + ((SIZE / 100)%10)),
  ('0' + ((SIZE / 10)%10)),
  ('0' +  (SIZE    % 10)),
  ']',
#ifdef KEY
  ' ','k','e','y','[', KEY, ']',
#endif
  '\0'};

#ifdef __CLASSIC_C__
int main(argc, argv) int argc; char *argv[];
#else
int main(int argc, char *argv[])
#endif
{
  int require = 0;
  require += info_size[argc];
  (void)argv;
  return require;
}


Determining if the function setmode exists failed with the following output:
Change Dir: /home/pi/EID/finalProject/opencv/build/CMakeFiles/CMakeTmp

Run Build Command:"/usr/bin/make" "cmTC_55867/fast"
/usr/bin/make -f CMakeFiles/cmTC_55867.dir/build.make CMakeFiles/cmTC_55867.dir/build
make[1]: Entering directory '/home/pi/EID/finalProject/opencv/build/CMakeFiles/CMakeTmp'
Building C object CMakeFiles/cmTC_55867.dir/CheckFunctionExists.c.o
/usr/bin/cc   -fsigned-char -W -Wall -Werror=return-type -Werror=non-virtual-dtor -Werror=address -Werror=sequence-point -Wformat -Werror=format-security -Wmissing-declarations -Wmissing-prototypes -Wstrict-prototypes -Wundef -Winit-self -Wpointer-arith -Wshadow -Wuninitialized -Winit-self -Wno-comment -Wimplicit-fallthrough=3 -Wno-strict-overflow -fdiagnostics-show-option -pthread -fomit-frame-pointer -ffunction-sections -fdata-sections  -fvisibility=hidden -DCHECK_FUNCTION_EXISTS=setmode -O3 -DNDEBUG -fPIE   -o CMakeFiles/cmTC_55867.dir/CheckFunctionExists.c.o   -c /usr/share/cmake-3.13/Modules/CheckFunctionExists.c
Linking C executable cmTC_55867
/usr/bin/cmake -E cmake_link_script CMakeFiles/cmTC_55867.dir/link.txt --verbose=1
/usr/bin/cc    -fsigned-char -W -Wall -Werror=return-type -Werror=non-virtual-dtor -Werror=address -Werror=sequence-point -Wformat -Werror=format-security -Wmissing-declarations -Wmissing-prototypes -Wstrict-prototypes -Wundef -Winit-self -Wpointer-arith -Wshadow -Wuninitialized -Winit-self -Wno-comment -Wimplicit-fallthrough=3 -Wno-strict-overflow -fdiagnostics-show-option -pthread -fomit-frame-pointer -ffunction-sections -fdata-sections  -fvisibility=hidden -DCHECK_FUNCTION_EXISTS=setmode -O3 -DNDEBUG    -Wl,--gc-sections  CMakeFiles/cmTC_55867.dir/CheckFunctionExists.c.o  -o cmTC_55867 -latomic 
/usr/bin/ld: CMakeFiles/cmTC_55867.dir/CheckFunctionExists.c.o: in function `main':
CheckFunctionExists.c:(.text.startup.main+0xc): undefined reference to `setmode'
collect2: error: ld returned 1 exit status
make[1]: *** [CMakeFiles/cmTC_55867.dir/build.make:87: cmTC_55867] Error 1
make[1]: Leaving directory '/home/pi/EID/finalProject/opencv/build/CMakeFiles/CMakeTmp'
make: *** [Makefile:121: cmTC_55867/fast] Error 2


Build output check failed:
    Regex: 'command line option .* is valid for .* but not for C\+\+'
    Output line: 'cc1plus: warning: command line option ‘-Wno-missing-prototypes’ is valid for C/ObjC but not for C++'
Compilation failed:
    source file: '/home/pi/EID/finalProject/opencv/build/CMakeFiles/CMakeTmp/src.cxx'
    check option: ' -Wno-missing-prototypes'
===== BUILD LOG =====
Change Dir: /home/pi/EID/finalProject/opencv/build/CMakeFiles/CMakeTmp

Run Build Command:"/usr/bin/make" "cmTC_7e434/fast"
/usr/bin/make -f CMakeFiles/cmTC_7e434.dir/build.make CMakeFiles/cmTC_7e434.dir/build
make[1]: Entering directory '/home/pi/EID/finalProject/opencv/build/CMakeFiles/CMakeTmp'
Building CXX object CMakeFiles/cmTC_7e434.dir/src.cxx.o
/usr/bin/c++    -fsigned-char -W -Wall -Werror=return-type -Werror=non-virtual-dtor -Werror=address -Werror=sequence-point -Wformat -Werror=format-security -Wundef -Winit-self -Wpointer-arith -Wshadow -Wsign-promo -Wuninitialized -Winit-self -Wsuggest-override -Wno-delete-non-virtual-dtor -Wno-comment -Wimplicit-fallthrough=3 -Wno-strict-overflow -fdiagnostics-show-option -pthread -fomit-frame-pointer -ffunction-sections -fdata-sections  -fvisibility=hidden -fvisibility-inlines-hidden -Wno-missing-declarations -Wno-unused-parameter  -O3 -DNDEBUG -fPIE   -Wno-missing-prototypes -std=c++11 -o CMakeFiles/cmTC_7e434.dir/src.cxx.o -c /home/pi/EID/finalProject/opencv/build/CMakeFiles/CMakeTmp/src.cxx
cc1plus: warning: command line option ‘-Wno-missing-prototypes’ is valid for C/ObjC but not for C++
/home/pi/EID/finalProject/opencv/build/CMakeFiles/CMakeTmp/src.cxx:1: warning: ignoring #pragma   [-Wunknown-pragmas]
 #pragma
 
Linking CXX executable cmTC_7e434
/usr/bin/cmake -E cmake_link_script CMakeFiles/cmTC_7e434.dir/link.txt --verbose=1
/usr/bin/c++     -fsigned-char -W -Wall -Werror=return-type -Werror=non-virtual-dtor -Werror=address -Werror=sequence-point -Wformat -Werror=format-security -Wundef -Winit-self -Wpointer-arith -Wshadow -Wsign-promo -Wuninitialized -Winit-self -Wsuggest-override -Wno-delete-non-virtual-dtor -Wno-comment -Wimplicit-fallthrough=3 -Wno-strict-overflow -fdiagnostics-show-option -pthread -fomit-frame-pointer -ffunction-sections -fdata-sections  -fvisibility=hidden -fvisibility-inlines-hidden -Wno-missing-declarations -Wno-unused-parameter  -O3 -DNDEBUG    -Wl,--gc-sections  CMakeFiles/cmTC_7e434.dir/src.cxx.o  -o cmTC_7e434 -latomic 
make[1]: Leaving directory '/home/pi/EID/finalProject/opencv/build/CMakeFiles/CMakeTmp'

===== END =====

Build output check failed:
    Regex: 'unrecognized .*option'
    Output line: 'cc1: warning: unrecognized command line option ‘-Wno-absolute-value’'
Compilation failed:
    source file: '/home/pi/EID/finalProject/opencv/build/CMakeFiles/CMakeTmp/src.c'
    check option: ' -Wno-absolute-value'
===== BUILD LOG =====
Change Dir: /home/pi/EID/finalProject/opencv/build/CMakeFiles/CMakeTmp

Run Build Command:"/usr/bin/make" "cmTC_24501/fast"
/usr/bin/make -f CMakeFiles/cmTC_24501.dir/build.make CMakeFiles/cmTC_24501.dir/build
make[1]: Entering directory '/home/pi/EID/finalProject/opencv/build/CMakeFiles/CMakeTmp'
Building C object CMakeFiles/cmTC_24501.dir/src.c.o
/usr/bin/cc   -fsigned-char -W -Wall -Werror=return-type -Werror=non-virtual-dtor -Werror=address -Werror=sequence-point -Wformat -Werror=format-security -Wstrict-prototypes -Wundef -Winit-self -Wpointer-arith -Wuninitialized -Winit-self -Wno-comment -Wimplicit-fallthrough=3 -Wno-strict-overflow -fdiagnostics-show-option -pthread -fomit-frame-pointer -ffunction-sections -fdata-sections  -fvisibility=hidden -Wno-implicit-function-declaration -Wno-uninitialized -Wno-missing-prototypes -Wno-unused-but-set-parameter -Wno-missing-declarations -Wno-unused -Wno-shadow -Wno-sign-compare -Wno-strict-overflow -Wno-pointer-compare  -O3 -DNDEBUG -fPIE   -Wno-absolute-value -o CMakeFiles/cmTC_24501.dir/src.c.o   -c /home/pi/EID/finalProject/opencv/build/CMakeFiles/CMakeTmp/src.c
/home/pi/EID/finalProject/opencv/build/CMakeFiles/CMakeTmp/src.c:1: warning: ignoring #pragma   [-Wunknown-pragmas]
 #pragma
 
cc1: warning: unrecognized command line option ‘-Wno-absolute-value’
Linking C executable cmTC_24501
/usr/bin/cmake -E cmake_link_script CMakeFiles/cmTC_24501.dir/link.txt --verbose=1
/usr/bin/cc    -fsigned-char -W -Wall -Werror=return-type -Werror=non-virtual-dtor -Werror=address -Werror=sequence-point -Wformat -Werror=format-security -Wstrict-prototypes -Wundef -Winit-self -Wpointer-arith -Wuninitialized -Winit-self -Wno-comment -Wimplicit-fallthrough=3 -Wno-strict-overflow -fdiagnostics-show-option -pthread -fomit-frame-pointer -ffunction-sections -fdata-sections  -fvisibility=hidden -Wno-implicit-function-declaration -Wno-uninitialized -Wno-missing-prototypes -Wno-unused-but-set-parameter -Wno-missing-declarations -Wno-unused -Wno-shadow -Wno-sign-compare -Wno-strict-overflow -Wno-pointer-compare  -O3 -DNDEBUG    -Wl,--gc-sections  CMakeFiles/cmTC_24501.dir/src.c.o  -o cmTC_24501 -latomic 
make[1]: Leaving directory '/home/pi/EID/finalProject/opencv/build/CMakeFiles/CMakeTmp'

===== END =====

Build output check failed:
    Regex: 'unrecognized .*option'
    Output line: 'cc1plus: warning: unrecognized command line option ‘-Wno-inconsistent-missing-override’'
Compilation failed:
    source file: '/home/pi/EID/finalProject/opencv/build/CMakeFiles/CMakeTmp/src.cxx'
    check option: ' -Wno-inconsistent-missing-override'
===== BUILD LOG =====
Change Dir: /home/pi/EID/finalProject/opencv/build/CMakeFiles/CMakeTmp

Run Build Command:"/usr/bin/make" "cmTC_a0fdf/fast"
/usr/bin/make -f CMakeFiles/cmTC_a0fdf.dir/build.make CMakeFiles/cmTC_a0fdf.dir/build
make[1]: Entering directory '/home/pi/EID/finalProject/opencv/build/CMakeFiles/CMakeTmp'
Building CXX object CMakeFiles/cmTC_a0fdf.dir/src.cxx.o
/usr/bin/c++    -fsigned-char -W -Wall -Werror=return-type -Werror=non-virtual-dtor -Werror=address -Werror=sequence-point -Wformat -Werror=format-security -Winit-self -Wpointer-arith -Wsign-promo -Winit-self -Wno-delete-non-virtual-dtor -Wno-comment -Wimplicit-fallthrough=3 -Wno-strict-overflow -fdiagnostics-show-option -pthread -fomit-frame-pointer -ffunction-sections -fdata-sections  -fvisibility=hidden -fvisibility-inlines-hidden -Wno-shadow -Wno-unused -Wno-sign-compare -Wno-undef -Wno-missing-declarations -Wno-uninitialized -Wno-switch -Wno-parentheses -Wno-array-bounds -Wno-extra -Wno-deprecated-declarations -Wno-misleading-indentation -Wno-deprecated -Wno-suggest-override  -O3 -DNDEBUG -fPIE   -Wno-inconsistent-missing-override -std=c++11 -o CMakeFiles/cmTC_a0fdf.dir/src.cxx.o -c /home/pi/EID/finalProject/opencv/build/CMakeFiles/CMakeTmp/src.cxx
/home/pi/EID/finalProject/opencv/build/CMakeFiles/CMakeTmp/src.cxx:1: warning: ignoring #pragma   [-Wunknown-pragmas]
 #pragma
 
cc1plus: warning: unrecognized command line option ‘-Wno-inconsistent-missing-override’
Linking CXX executable cmTC_a0fdf
/usr/bin/cmake -E cmake_link_script CMakeFiles/cmTC_a0fdf.dir/link.txt --verbose=1
/usr/bin/c++     -fsigned-char -W -Wall -Werror=return-type -Werror=non-virtual-dtor -Werror=address -Werror=sequence-point -Wformat -Werror=format-security -Winit-self -Wpointer-arith -Wsign-promo -Winit-self -Wno-delete-non-virtual-dtor -Wno-comment -Wimplicit-fallthrough=3 -Wno-strict-overflow -fdiagnostics-show-option -pthread -fomit-frame-pointer -ffunction-sections -fdata-sections  -fvisibility=hidden -fvisibility-inlines-hidden -Wno-shadow -Wno-unused -Wno-sign-compare -Wno-undef -Wno-missing-declarations -Wno-uninitialized -Wno-switch -Wno-parentheses -Wno-array-bounds -Wno-extra -Wno-deprecated-declarations -Wno-misleading-indentation -Wno-deprecated -Wno-suggest-override  -O3 -DNDEBUG    -Wl,--gc-sections  CMakeFiles/cmTC_a0fdf.dir/src.cxx.o  -o cmTC_a0fdf -latomic 
make[1]: Leaving directory '/home/pi/EID/finalProject/opencv/build/CMakeFiles/CMakeTmp'

===== END =====

Determining if the function sgemm_ exists failed with the following output:
Change Dir: /home/pi/EID/finalProject/opencv/build/CMakeFiles/CMakeTmp

Run Build Command:"/usr/bin/make" "cmTC_717f7/fast"
/usr/bin/make -f CMakeFiles/cmTC_717f7.dir/build.make CMakeFiles/cmTC_717f7.dir/build
make[1]: Entering directory '/home/pi/EID/finalProject/opencv/build/CMakeFiles/CMakeTmp'
Building C object CMakeFiles/cmTC_717f7.dir/CheckFunctionExists.c.o
/usr/bin/cc   -fsigned-char -W -Wall -Werror=return-type -Werror=non-virtual-dtor -Werror=address -Werror=sequence-point -Wformat -Werror=format-security -Wmissing-declarations -Wmissing-prototypes -Wstrict-prototypes -Wundef -Winit-self -Wpointer-arith -Wshadow -Wuninitialized -Winit-self -Wno-comment -Wimplicit-fallthrough=3 -Wno-strict-overflow -fdiagnostics-show-option -pthread -fomit-frame-pointer -ffunction-sections -fdata-sections  -fvisibility=hidden -DCHECK_FUNCTION_EXISTS=sgemm_ -O3 -DNDEBUG -fPIE   -o CMakeFiles/cmTC_717f7.dir/CheckFunctionExists.c.o   -c /usr/share/cmake-3.13/Modules/CheckFunctionExists.c
Linking C executable cmTC_717f7
/usr/bin/cmake -E cmake_link_script CMakeFiles/cmTC_717f7.dir/link.txt --verbose=1
/usr/bin/cc    -fsigned-char -W -Wall -Werror=return-type -Werror=non-virtual-dtor -Werror=address -Werror=sequence-point -Wformat -Werror=format-security -Wmissing-declarations -Wmissing-prototypes -Wstrict-prototypes -Wundef -Winit-self -Wpointer-arith -Wshadow -Wuninitialized -Winit-self -Wno-comment -Wimplicit-fallthrough=3 -Wno-strict-overflow -fdiagnostics-show-option -pthread -fomit-frame-pointer -ffunction-sections -fdata-sections  -fvisibility=hidden -DCHECK_FUNCTION_EXISTS=sgemm_ -O3 -DNDEBUG    -Wl,--gc-sections  CMakeFiles/cmTC_717f7.dir/CheckFunctionExists.c.o  -o cmTC_717f7 
/usr/bin/ld: CMakeFiles/cmTC_717f7.dir/CheckFunctionExists.c.o: in function `main':
CheckFunctionExists.c:(.text.startup.main+0xc): undefined reference to `sgemm_'
collect2: error: ld returned 1 exit status
make[1]: *** [CMakeFiles/cmTC_717f7.dir/build.make:87: cmTC_717f7] Error 1
make[1]: Leaving directory '/home/pi/EID/finalProject/opencv/build/CMakeFiles/CMakeTmp'
make: *** [Makefile:121: cmTC_717f7/fast] Error 2


Build output check failed:
    Regex: 'unrecognized .*option'
    Output line: 'cc1plus: warning: unrecognized command line option ‘-Wno-tautological-undefined-compare’'
Compilation failed:
    source file: '/home/pi/EID/finalProject/opencv/build/CMakeFiles/CMakeTmp/src.cxx'
    check option: ' -Wno-tautological-undefined-compare'
===== BUILD LOG =====
Change Dir: /home/pi/EID/finalProject/opencv/build/CMakeFiles/CMakeTmp

Run Build Command:"/usr/bin/make" "cmTC_e1544/fast"
/usr/bin/make -f CMakeFiles/cmTC_e1544.dir/build.make CMakeFiles/cmTC_e1544.dir/build
make[1]: Entering directory '/home/pi/EID/finalProject/opencv/build/CMakeFiles/CMakeTmp'
Building CXX object CMakeFiles/cmTC_e1544.dir/src.cxx.o
/usr/bin/c++    -fsigned-char -W -Wall -Werror=return-type -Werror=non-virtual-dtor -Werror=address -Werror=sequence-point -Wformat -Werror=format-security -Winit-self -Wpointer-arith -Wuninitialized -Winit-self -Wsuggest-override -Wno-delete-non-virtual-dtor -Wno-comment -Wimplicit-fallthrough=3 -Wno-strict-overflow -fdiagnostics-show-option -pthread -fomit-frame-pointer -ffunction-sections -fdata-sections  -fvisibility=hidden -fvisibility-inlines-hidden -Wno-deprecated -Wno-missing-declarations -Wno-shadow -Wno-unused-parameter -Wno-unused-local-typedefs -Wno-sign-compare -Wno-sign-promo -Wno-undef  -O3 -DNDEBUG -fPIE   -Wno-tautological-undefined-compare -std=c++11 -o CMakeFiles/cmTC_e1544.dir/src.cxx.o -c /home/pi/EID/finalProject/opencv/build/CMakeFiles/CMakeTmp/src.cxx
/home/pi/EID/finalProject/opencv/build/CMakeFiles/CMakeTmp/src.cxx:1: warning: ignoring #pragma   [-Wunknown-pragmas]
 #pragma
 
cc1plus: warning: unrecognized command line option ‘-Wno-tautological-undefined-compare’
Linking CXX executable cmTC_e1544
/usr/bin/cmake -E cmake_link_script CMakeFiles/cmTC_e1544.dir/link.txt --verbose=1
/usr/bin/c++     -fsigned-char -W -Wall -Werror=return-type -Werror=non-virtual-dtor -Werror=address -Werror=sequence-point -Wformat -Werror=format-security -Winit-self -Wpointer-arith -Wuninitialized -Winit-self -Wsuggest-override -Wno-delete-non-virtual-dtor -Wno-comment -Wimplicit-fallthrough=3 -Wno-strict-overflow -fdiagnostics-show-option -pthread -fomit-frame-pointer -ffunction-sections -fdata-sections  -fvisibility=hidden -fvisibility-inlines-hidden -Wno-deprecated -Wno-missing-declarations -Wno-shadow -Wno-unused-parameter -Wno-unused-local-typedefs -Wno-sign-compare -Wno-sign-promo -Wno-undef  -O3 -DNDEBUG    -Wl,--gc-sections  CMakeFiles/cmTC_e1544.dir/src.cxx.o  -o cmTC_e1544 -latomic 
make[1]: Leaving directory '/home/pi/EID/finalProject/opencv/build/CMakeFiles/CMakeTmp'

===== END =====

Build output check failed:
    Regex: 'unrecognized .*option'
    Output line: 'cc1plus: warning: unrecognized command line option ‘-Wno-shorten-64-to-32’'
Compilation failed:
    source file: '/home/pi/EID/finalProject/opencv/build/CMakeFiles/CMakeTmp/src.cxx'
    check option: ' -Wno-shorten-64-to-32'
===== BUILD LOG =====
Change Dir: /home/pi/EID/finalProject/opencv/build/CMakeFiles/CMakeTmp

Run Build Command:"/usr/bin/make" "cmTC_2efa2/fast"
/usr/bin/make -f CMakeFiles/cmTC_2efa2.dir/build.make CMakeFiles/cmTC_2efa2.dir/build
make[1]: Entering directory '/home/pi/EID/finalProject/opencv/build/CMakeFiles/CMakeTmp'
Building CXX object CMakeFiles/cmTC_2efa2.dir/src.cxx.o
/usr/bin/c++    -fsigned-char -W -Wall -Werror=return-type -Werror=non-virtual-dtor -Werror=address -Werror=sequence-point -Wformat -Werror=format-security -Winit-self -Wpointer-arith -Wuninitialized -Winit-self -Wsuggest-override -Wno-delete-non-virtual-dtor -Wno-comment -Wimplicit-fallthrough=3 -Wno-strict-overflow -fdiagnostics-show-option -pthread -fomit-frame-pointer -ffunction-sections -fdata-sections  -fvisibility=hidden -fvisibility-inlines-hidden -Wno-deprecated -Wno-missing-declarations -Wno-shadow -Wno-unused-parameter -Wno-unused-local-typedefs -Wno-sign-compare -Wno-sign-promo -Wno-undef -Wno-ignored-qualifiers -Wno-extra -Wno-unused-function -Wno-unused-const-variable  -O3 -DNDEBUG -fPIE   -Wno-shorten-64-to-32 -std=c++11 -o CMakeFiles/cmTC_2efa2.dir/src.cxx.o -c /home/pi/EID/finalProject/opencv/build/CMakeFiles/CMakeTmp/src.cxx
/home/pi/EID/finalProject/opencv/build/CMakeFiles/CMakeTmp/src.cxx:1: warning: ignoring #pragma   [-Wunknown-pragmas]
 #pragma
 
cc1plus: warning: unrecognized command line option ‘-Wno-shorten-64-to-32’
Linking CXX executable cmTC_2efa2
/usr/bin/cmake -E cmake_link_script CMakeFiles/cmTC_2efa2.dir/link.txt --verbose=1
/usr/bin/c++     -fsigned-char -W -Wall -Werror=return-type -Werror=non-virtual-dtor -Werror=address -Werror=sequence-point -Wformat -Werror=format-security -Winit-self -Wpointer-arith -Wuninitialized -Winit-self -Wsuggest-override -Wno-delete-non-virtual-dtor -Wno-comment -Wimplicit-fallthrough=3 -Wno-strict-overflow -fdiagnostics-show-option -pthread -fomit-frame-pointer -ffunction-sections -fdata-sections  -fvisibility=hidden -fvisibility-inlines-hidden -Wno-deprecated -Wno-missing-declarations -Wno-shadow -Wno-unused-parameter -Wno-unused-local-typedefs -Wno-sign-compare -Wno-sign-promo -Wno-undef -Wno-ignored-qualifiers -Wno-extra -Wno-unused-function -Wno-unused-const-variable  -O3 -DNDEBUG    -Wl,--gc-sections  CMakeFiles/cmTC_2efa2.dir/src.cxx.o  -o cmTC_2efa2 -latomic 
make[1]: Leaving directory '/home/pi/EID/finalProject/opencv/build/CMakeFiles/CMakeTmp'

===== END =====

Build output check failed:
    Regex: 'unrecognized .*option'
    Output line: 'cc1plus: warning: unrecognized command line option ‘-Wno-enum-compare-switch’'
Compilation failed:
    source file: '/home/pi/EID/finalProject/opencv/build/CMakeFiles/CMakeTmp/src.cxx'
    check option: ' -Wno-enum-compare-switch'
===== BUILD LOG =====
Change Dir: /home/pi/EID/finalProject/opencv/build/CMakeFiles/CMakeTmp

Run Build Command:"/usr/bin/make" "cmTC_adde0/fast"
/usr/bin/make -f CMakeFiles/cmTC_adde0.dir/build.make CMakeFiles/cmTC_adde0.dir/build
make[1]: Entering directory '/home/pi/EID/finalProject/opencv/build/CMakeFiles/CMakeTmp'
Building CXX object CMakeFiles/cmTC_adde0.dir/src.cxx.o
/usr/bin/c++    -fsigned-char -W -Wall -Werror=return-type -Werror=non-virtual-dtor -Werror=address -Werror=sequence-point -Wformat -Werror=format-security -Winit-self -Wpointer-arith -Wuninitialized -Winit-self -Wsuggest-override -Wno-delete-non-virtual-dtor -Wno-comment -Wimplicit-fallthrough=3 -Wno-strict-overflow -fdiagnostics-show-option -pthread -fomit-frame-pointer -ffunction-sections -fdata-sections  -fvisibility=hidden -fvisibility-inlines-hidden -Wno-deprecated -Wno-missing-declarations -Wno-shadow -Wno-unused-parameter -Wno-unused-local-typedefs -Wno-sign-compare -Wno-sign-promo -Wno-undef -Wno-ignored-qualifiers -Wno-extra -Wno-unused-function -Wno-unused-const-variable -Wno-invalid-offsetof  -O3 -DNDEBUG -fPIE   -Wno-enum-compare-switch -std=c++11 -o CMakeFiles/cmTC_adde0.dir/src.cxx.o -c /home/pi/EID/finalProject/opencv/build/CMakeFiles/CMakeTmp/src.cxx
/home/pi/EID/finalProject/opencv/build/CMakeFiles/CMakeTmp/src.cxx:1: warning: ignoring #pragma   [-Wunknown-pragmas]
 #pragma
 
cc1plus: warning: unrecognized command line option ‘-Wno-enum-compare-switch’
Linking CXX executable cmTC_adde0
/usr/bin/cmake -E cmake_link_script CMakeFiles/cmTC_adde0.dir/link.txt --verbose=1
/usr/bin/c++     -fsigned-char -W -Wall -Werror=return-type -Werror=non-virtual-dtor -Werror=address -Werror=sequence-point -Wformat -Werror=format-security -Winit-self -Wpointer-arith -Wuninitialized -Winit-self -Wsuggest-override -Wno-delete-non-virtual-dtor -Wno-comment -Wimplicit-fallthrough=3 -Wno-strict-overflow -fdiagnostics-show-option -pthread -fomit-frame-pointer -ffunction-sections -fdata-sections  -fvisibility=hidden -fvisibility-inlines-hidden -Wno-deprecated -Wno-missing-declarations -Wno-shadow -Wno-unused-parameter -Wno-unused-local-typedefs -Wno-sign-compare -Wno-sign-promo -Wno-undef -Wno-ignored-qualifiers -Wno-extra -Wno-unused-function -Wno-unused-const-variable -Wno-invalid-offsetof  -O3 -DNDEBUG    -Wl,--gc-sections  CMakeFiles/cmTC_adde0.dir/src.cxx.o  -o cmTC_adde0 -latomic 
make[1]: Leaving directory '/home/pi/EID/finalProject/opencv/build/CMakeFiles/CMakeTmp'

===== END =====

Determining if the include file sys/videoio.h exists failed with the following output:
Change Dir: /home/pi/EID/finalProject/opencv/build/CMakeFiles/CMakeTmp

Run Build Command:"/usr/bin/make" "cmTC_cd02a/fast"
/usr/bin/make -f CMakeFiles/cmTC_cd02a.dir/build.make CMakeFiles/cmTC_cd02a.dir/build
make[1]: Entering directory '/home/pi/EID/finalProject/opencv/build/CMakeFiles/CMakeTmp'
Building C object CMakeFiles/cmTC_cd02a.dir/CheckIncludeFile.c.o
/usr/bin/cc   -fsigned-char -W -Wall -Werror=return-type -Werror=non-virtual-dtor -Werror=address -Werror=sequence-point -Wformat -Werror=format-security -Wmissing-declarations -Wmissing-prototypes -Wstrict-prototypes -Wundef -Winit-self -Wpointer-arith -Wshadow -Wuninitialized -Winit-self -Wno-comment -Wimplicit-fallthrough=3 -Wno-strict-overflow -fdiagnostics-show-option -pthread -fomit-frame-pointer -ffunction-sections -fdata-sections  -fvisibility=hidden  -O3 -DNDEBUG -fPIE   -o CMakeFiles/cmTC_cd02a.dir/CheckIncludeFile.c.o   -c /home/pi/EID/finalProject/opencv/build/CMakeFiles/CMakeTmp/CheckIncludeFile.c
/home/pi/EID/finalProject/opencv/build/CMakeFiles/CMakeTmp/CheckIncludeFile.c:1:10: fatal error: sys/videoio.h: No such file or directory
 #include <sys/videoio.h>
          ^~~~~~~~~~~~~~~
compilation terminated.
make[1]: *** [CMakeFiles/cmTC_cd02a.dir/build.make:66: CMakeFiles/cmTC_cd02a.dir/CheckIncludeFile.c.o] Error 1
make[1]: Leaving directory '/home/pi/EID/finalProject/opencv/build/CMakeFiles/CMakeTmp'
make: *** [Makefile:121: cmTC_cd02a/fast] Error 2


Build output check failed:
    Regex: 'unrecognized .*option'
    Output line: 'cc1plus: warning: unrecognized command line option ‘-Wno-unused-private-field’'
Compilation failed:
    source file: '/home/pi/EID/finalProject/opencv/build/CMakeFiles/CMakeTmp/src.cxx'
    check option: ' -Wno-unused-private-field'
===== BUILD LOG =====
Change Dir: /home/pi/EID/finalProject/opencv/build/CMakeFiles/CMakeTmp

Run Build Command:"/usr/bin/make" "cmTC_4f682/fast"
/usr/bin/make -f CMakeFiles/cmTC_4f682.dir/build.make CMakeFiles/cmTC_4f682.dir/build
make[1]: Entering directory '/home/pi/EID/finalProject/opencv/build/CMakeFiles/CMakeTmp'
Building CXX object CMakeFiles/cmTC_4f682.dir/src.cxx.o
/usr/bin/c++    -fsigned-char -W -Wall -Werror=return-type -Werror=non-virtual-dtor -Werror=address -Werror=sequence-point -Wformat -Werror=format-security -Wmissing-declarations -Wundef -Winit-self -Wpointer-arith -Wshadow -Wsign-promo -Wuninitialized -Winit-self -Wsuggest-override -Wno-delete-non-virtual-dtor -Wno-comment -Wimplicit-fallthrough=3 -Wno-strict-overflow -fdiagnostics-show-option -pthread -fomit-frame-pointer -ffunction-sections -fdata-sections  -fvisibility=hidden -fvisibility-inlines-hidden -Wno-unused-function -Wno-deprecated-declarations -Wno-overloaded-virtual  -O3 -DNDEBUG -fPIE   -Wno-unused-private-field -std=c++11 -o CMakeFiles/cmTC_4f682.dir/src.cxx.o -c /home/pi/EID/finalProject/opencv/build/CMakeFiles/CMakeTmp/src.cxx
/home/pi/EID/finalProject/opencv/build/CMakeFiles/CMakeTmp/src.cxx:1: warning: ignoring #pragma   [-Wunknown-pragmas]
 #pragma
 
cc1plus: warning: unrecognized command line option ‘-Wno-unused-private-field’
Linking CXX executable cmTC_4f682
/usr/bin/cmake -E cmake_link_script CMakeFiles/cmTC_4f682.dir/link.txt --verbose=1
/usr/bin/c++     -fsigned-char -W -Wall -Werror=return-type -Werror=non-virtual-dtor -Werror=address -Werror=sequence-point -Wformat -Werror=format-security -Wmissing-declarations -Wundef -Winit-self -Wpointer-arith -Wshadow -Wsign-promo -Wuninitialized -Winit-self -Wsuggest-override -Wno-delete-non-virtual-dtor -Wno-comment -Wimplicit-fallthrough=3 -Wno-strict-overflow -fdiagnostics-show-option -pthread -fomit-frame-pointer -ffunction-sections -fdata-sections  -fvisibility=hidden -fvisibility-inlines-hidden -Wno-unused-function -Wno-deprecated-declarations -Wno-overloaded-virtual  -O3 -DNDEBUG    -Wl,--gc-sections  CMakeFiles/cmTC_4f682.dir/src.cxx.o  -o cmTC_4f682 -latomic 
make[1]: Leaving directory '/home/pi/EID/finalProject/opencv/build/CMakeFiles/CMakeTmp'

===== END =====

